Using pre-set license

 COMMAND LINE ARGUMENTS:
/Volumes/HDD/unity/2020.3.16f1/Unity.app/Contents/MacOS/Unity
-adb2
-batchMode
-noUpm
-name
AssetImportWorker1
-projectPath
/Volumes/HDD/unity/oil producer
-logFile
Logs/AssetImportWorker1.log
-srvPort
64683
Successfully changed project path to: /Volumes/HDD/unity/oil producer
/Volumes/HDD/unity/oil producer
Using Asset Import Pipeline V2.
Refreshing native plugins compatible for Editor in 124.35 ms, found 2 plugins.
Preloading 0 native plugins for Editor in 0.00 ms.
Initialize engine version: 2020.3.16f1 (049d6eca3c44)
[Subsystems] Discovering subsystems at path /Volumes/HDD/unity/2020.3.16f1/Unity.app/Contents/Resources/UnitySubsystems
[Subsystems] Discovering subsystems at path /Volumes/HDD/unity/oil producer/Assets
GfxDevice: creating device client; threaded=0
2021-10-10 19:50:02.779 Unity[10649:476697] Color LCD preferred device: NVIDIA GeForce GT 650M (high power)
2021-10-10 19:50:02.780 Unity[10649:476697] Metal devices available: 2
2021-10-10 19:50:02.780 Unity[10649:476697] 0: NVIDIA GeForce GT 650M (high power)
2021-10-10 19:50:02.780 Unity[10649:476697] 1: Intel HD Graphics 4000 (low power)
2021-10-10 19:50:02.780 Unity[10649:476697] Using device NVIDIA GeForce GT 650M (high power)
Initializing Metal device caps: NVIDIA GeForce GT 650M
Initialize mono
Mono path[0] = '/Volumes/HDD/unity/2020.3.16f1/Unity.app/Contents/Managed'
Mono path[1] = '/Volumes/HDD/unity/2020.3.16f1/Unity.app/Contents/MonoBleedingEdge/lib/mono/unityjit'
Mono config path = '/Volumes/HDD/unity/2020.3.16f1/Unity.app/Contents/MonoBleedingEdge/etc'
Using monoOptions --debugger-agent=transport=dt_socket,embedding=1,server=y,suspend=n,address=127.0.0.1:56649
Begin MonoManager ReloadAssembly
Registering precompiled unity dll's ...
Register platform support module: /Volumes/HDD/unity/2020.3.16f1/Unity.app/Contents/PlaybackEngines/MacStandaloneSupport/UnityEditor.OSXStandalone.Extensions.dll
Registered in 0.001390 seconds.
Native extension for OSXStandalone target not found
Refreshing native plugins compatible for Editor in 72.42 ms, found 2 plugins.
Preloading 0 native plugins for Editor in 0.00 ms.
Mono: successfully reloaded assembly
- Completed reload, in  5.049 seconds
Domain Reload Profiling:
	ReloadAssembly (5049ms)
		BeginReloadAssembly (81ms)
			ExecutionOrderSort (0ms)
			DisableScriptedObjects (0ms)
			BackupInstance (0ms)
			ReleaseScriptingObjects (0ms)
			CreateAndSetChildDomain (2ms)
		EndReloadAssembly (1247ms)
			LoadAssemblies (78ms)
			RebuildTransferFunctionScriptingTraits (0ms)
			SetupTypeCache (469ms)
			ReleaseScriptCaches (0ms)
			RebuildScriptCaches (90ms)
			SetupLoadedEditorAssemblies (537ms)
				LogAssemblyErrors (0ms)
				InitializePlatformSupportModulesInManaged (7ms)
				SetLoadedEditorAssemblies (0ms)
				RefreshPlugins (72ms)
				BeforeProcessingInitializeOnLoad (120ms)
				ProcessInitializeOnLoadAttributes (257ms)
				ProcessInitializeOnLoadMethodAttributes (79ms)
				AfterProcessingInitializeOnLoad (0ms)
				EditorAssembliesLoaded (0ms)
			ExecutionOrderSort2 (0ms)
			AwakeInstancesAfterBackupRestoration (0ms)
Platform modules already initialized, skipping
Registering precompiled user dll's ...
Registered in 0.004256 seconds.
Begin MonoManager ReloadAssembly
Native extension for OSXStandalone target not found
Refreshing native plugins compatible for Editor in 59.90 ms, found 2 plugins.
Preloading 0 native plugins for Editor in 0.00 ms.
Mono: successfully reloaded assembly
- Completed reload, in  2.909 seconds
Domain Reload Profiling:
	ReloadAssembly (2948ms)
		BeginReloadAssembly (284ms)
			ExecutionOrderSort (0ms)
			DisableScriptedObjects (11ms)
			BackupInstance (0ms)
			ReleaseScriptingObjects (0ms)
			CreateAndSetChildDomain (51ms)
		EndReloadAssembly (2557ms)
			LoadAssemblies (499ms)
			RebuildTransferFunctionScriptingTraits (0ms)
			SetupTypeCache (658ms)
			ReleaseScriptCaches (1ms)
			RebuildScriptCaches (96ms)
			SetupLoadedEditorAssemblies (1037ms)
				LogAssemblyErrors (0ms)
				InitializePlatformSupportModulesInManaged (6ms)
				SetLoadedEditorAssemblies (0ms)
				RefreshPlugins (60ms)
				BeforeProcessingInitializeOnLoad (130ms)
				ProcessInitializeOnLoadAttributes (829ms)
				ProcessInitializeOnLoadMethodAttributes (7ms)
				AfterProcessingInitializeOnLoad (3ms)
				EditorAssembliesLoaded (0ms)
			ExecutionOrderSort2 (0ms)
			AwakeInstancesAfterBackupRestoration (11ms)
Platform modules already initialized, skipping
========================================================================
Worker process is ready to serve import requests
Launching external process: /Volumes/HDD/unity/2020.3.16f1/Unity.app/Contents/Tools/UnityShaderCompiler
Launched and connected shader compiler UnityShaderCompiler after 0.32 seconds
Refreshing native plugins compatible for Editor in 0.94 ms, found 2 plugins.
Preloading 0 native plugins for Editor in 0.00 ms.
Unloading 1918 Unused Serialized files (Serialized files now loaded: 0)
System memory in use before: 166.8 MB.
System memory in use after: 166.9 MB.

Unloading 33 unused Assets to reduce memory usage. Loaded Objects now: 2340.
Total: 5.863248 ms (FindLiveObjects: 0.293178 ms CreateObjectMapping: 0.084167 ms MarkObjects: 5.354590 ms  DeleteObjects: 0.129734 ms)

AssetImportParameters requested are different than current active one (requested -> active):
  custom:video-decoder-ogg-theora: a1e56fd34408186e4bbccfd4996cb3dc -> 
  custom:container-muxer-webm: aa71ff27fc2769a1b78a27578f13a17b -> 
  custom:container-demuxer-webm: 4f35f7cbe854078d1ac9338744f61a02 -> 
  custom:container-demuxer-ogg: 62fdf1f143b41e24485cea50d1cbac27 -> 
  custom:video-encoder-webm-vp8: eb34c28f22e8b96e1ab97ce403110664 -> 
  custom:framework-osx-AVFoundation: b23960f63f64bdc6ff669e2cdcee2391 -> 
  custom:video-decoder-webm-vp8: 9c59270c3fd7afecdb556c50c9e8de78 -> 
  custom:audio-decoder-ogg-vorbis: bf7c407c2cedff20999df2af8eb42d56 -> 
  custom:audio-encoder-webm-vorbis: bf7c407c2cedff20999df2af8eb42d56 -> 
========================================================================
Received Import Request.
  path: Assets/main/shadow.asset
  artifactKey: Guid(54db177d46a1645a4998de066c25b252) Importer(815301076,1909f56bfc062723c751e8b465ee728b)
Start importing Assets/main/shadow.asset using Guid(54db177d46a1645a4998de066c25b252) Importer(815301076,1909f56bfc062723c751e8b465ee728b)  -> (artifact id: '9228fb5669c4139b4b68a67e1a59422e') in 0.647050 seconds 
  Import took 0.654750 seconds .

========================================================================
Received Import Request.
  Time since last request: 68.793616 seconds.
  path: Assets/main/shadow.asset
  artifactKey: Guid(54db177d46a1645a4998de066c25b252) Importer(815301076,1909f56bfc062723c751e8b465ee728b)
Start importing Assets/main/shadow.asset using Guid(54db177d46a1645a4998de066c25b252) Importer(815301076,1909f56bfc062723c751e8b465ee728b)  -> (artifact id: 'f6c2c0a44d490f7e2ecd4dfb36072d06') in 0.028675 seconds 
  Import took 0.038628 seconds .

========================================================================
Received Import Request.
  Time since last request: 221.684002 seconds.
  path: ProjectSettings/TagManager.asset
  artifactKey: Guid(00000000000000003000000000000000) Importer(815301076,1909f56bfc062723c751e8b465ee728b)
Start importing ProjectSettings/TagManager.asset using Guid(00000000000000003000000000000000) Importer(815301076,1909f56bfc062723c751e8b465ee728b)  -> (artifact id: 'ce6a35c3cddc746e7501c0bd0ed6d4ce') in 0.127522 seconds 
  Import took 0.132294 seconds .

========================================================================
Received Import Request.
  Time since last request: 57.510342 seconds.
  path: Assets/main/shadow.asset
  artifactKey: Guid(54db177d46a1645a4998de066c25b252) Importer(815301076,1909f56bfc062723c751e8b465ee728b)
Start importing Assets/main/shadow.asset using Guid(54db177d46a1645a4998de066c25b252) Importer(815301076,1909f56bfc062723c751e8b465ee728b)  -> (artifact id: '3c9c0250f78e9055115eaee7365770b6') in 0.025148 seconds 
  Import took 0.065718 seconds .

========================================================================
Received Import Request.
  Time since last request: 7.661279 seconds.
  path: Assets/main/shadow.asset
  artifactKey: Guid(54db177d46a1645a4998de066c25b252) Importer(815301076,1909f56bfc062723c751e8b465ee728b)
Start importing Assets/main/shadow.asset using Guid(54db177d46a1645a4998de066c25b252) Importer(815301076,1909f56bfc062723c751e8b465ee728b)  -> (artifact id: 'c40ac815e77dc1f9449ceda19aa6cc09') in 0.005180 seconds 
  Import took 0.023829 seconds .

========================================================================
Received Import Request.
  Time since last request: 4.431195 seconds.
  path: Assets/main/shadow.asset
  artifactKey: Guid(54db177d46a1645a4998de066c25b252) Importer(815301076,1909f56bfc062723c751e8b465ee728b)
Start importing Assets/main/shadow.asset using Guid(54db177d46a1645a4998de066c25b252) Importer(815301076,1909f56bfc062723c751e8b465ee728b)  -> (artifact id: '900834ffb54c5c0d538d56af0151a525') in 0.029430 seconds 
  Import took 0.033478 seconds .

========================================================================
Received Import Request.
  Time since last request: 0.012305 seconds.
  path: Assets/main/shadow.asset
  artifactKey: Guid(54db177d46a1645a4998de066c25b252) Importer(815301076,1909f56bfc062723c751e8b465ee728b)
Start importing Assets/main/shadow.asset using Guid(54db177d46a1645a4998de066c25b252) Importer(815301076,1909f56bfc062723c751e8b465ee728b)  -> (artifact id: '900834ffb54c5c0d538d56af0151a525') in 0.006110 seconds 
  Import took 0.010408 seconds .

========================================================================
Received Import Request.
  Time since last request: 77.520750 seconds.
  path: Assets/main/shadow.asset
  artifactKey: Guid(54db177d46a1645a4998de066c25b252) Importer(815301076,1909f56bfc062723c751e8b465ee728b)
Start importing Assets/main/shadow.asset using Guid(54db177d46a1645a4998de066c25b252) Importer(815301076,1909f56bfc062723c751e8b465ee728b)  -> (artifact id: '0d9ca2236fce0cdf407bdab835805446') in 0.009887 seconds 
  Import took 0.037245 seconds .

========================================================================
Received Import Request.
  Time since last request: 41.362816 seconds.
  path: Assets/main/shadow.asset
  artifactKey: Guid(54db177d46a1645a4998de066c25b252) Importer(815301076,1909f56bfc062723c751e8b465ee728b)
Start importing Assets/main/shadow.asset using Guid(54db177d46a1645a4998de066c25b252) Importer(815301076,1909f56bfc062723c751e8b465ee728b)  -> (artifact id: '826badc6e1b7411ebd672899259775f7') in 0.005287 seconds 
  Import took 0.021391 seconds .

========================================================================
Received Import Request.
  Time since last request: 0.000676 seconds.
  path: Assets/main/shadow.asset
  artifactKey: Guid(54db177d46a1645a4998de066c25b252) Importer(815301076,1909f56bfc062723c751e8b465ee728b)
Start importing Assets/main/shadow.asset using Guid(54db177d46a1645a4998de066c25b252) Importer(815301076,1909f56bfc062723c751e8b465ee728b)  -> (artifact id: '826badc6e1b7411ebd672899259775f7') in 0.005828 seconds 
  Import took 0.009654 seconds .

========================================================================
Received Import Request.
  Time since last request: 10.996647 seconds.
  path: Assets/main/shadow.asset
  artifactKey: Guid(54db177d46a1645a4998de066c25b252) Importer(815301076,1909f56bfc062723c751e8b465ee728b)
Start importing Assets/main/shadow.asset using Guid(54db177d46a1645a4998de066c25b252) Importer(815301076,1909f56bfc062723c751e8b465ee728b)  -> (artifact id: '98e4f9ab252bb31600dd519824187514') in 0.004598 seconds 
  Import took 0.009377 seconds .

========================================================================
Received Import Request.
  Time since last request: 0.001942 seconds.
  path: Assets/main/shadow.asset
  artifactKey: Guid(54db177d46a1645a4998de066c25b252) Importer(815301076,1909f56bfc062723c751e8b465ee728b)
Start importing Assets/main/shadow.asset using Guid(54db177d46a1645a4998de066c25b252) Importer(815301076,1909f56bfc062723c751e8b465ee728b)  -> (artifact id: '98e4f9ab252bb31600dd519824187514') in 0.004562 seconds 
  Import took 0.008591 seconds .

========================================================================
Received Prepare
Registering precompiled user dll's ...
Registered in 0.131857 seconds.
Begin MonoManager ReloadAssembly
Native extension for OSXStandalone target not found
Refreshing native plugins compatible for Editor in 0.63 ms, found 2 plugins.
Preloading 0 native plugins for Editor in 0.00 ms.
Mono: successfully reloaded assembly
- Completed reload, in  2.650 seconds
Domain Reload Profiling:
	ReloadAssembly (2651ms)
		BeginReloadAssembly (235ms)
			ExecutionOrderSort (0ms)
			DisableScriptedObjects (8ms)
			BackupInstance (0ms)
			ReleaseScriptingObjects (0ms)
			CreateAndSetChildDomain (131ms)
		EndReloadAssembly (2310ms)
			LoadAssemblies (596ms)
			RebuildTransferFunctionScriptingTraits (0ms)
			SetupTypeCache (519ms)
			ReleaseScriptCaches (1ms)
			RebuildScriptCaches (74ms)
			SetupLoadedEditorAssemblies (660ms)
				LogAssemblyErrors (0ms)
				InitializePlatformSupportModulesInManaged (6ms)
				SetLoadedEditorAssemblies (1ms)
				RefreshPlugins (1ms)
				BeforeProcessingInitializeOnLoad (105ms)
				ProcessInitializeOnLoadAttributes (539ms)
				ProcessInitializeOnLoadMethodAttributes (6ms)
				AfterProcessingInitializeOnLoad (2ms)
				EditorAssembliesLoaded (0ms)
			ExecutionOrderSort2 (0ms)
			AwakeInstancesAfterBackupRestoration (11ms)
Platform modules already initialized, skipping
Switching build target platform(2) subTarget(0) extendedPlatform(0) -> platform(13) subTarget(537395200) extendedPlatform(0)
Refreshing native plugins compatible for Editor in 0.65 ms, found 2 plugins.
Preloading 0 native plugins for Editor in 0.00 ms.
Unloading 1888 Unused Serialized files (Serialized files now loaded: 0)
System memory in use before: 166.4 MB.
System memory in use after: 166.5 MB.

Unloading 27 unused Assets to reduce memory usage. Loaded Objects now: 2342.
Total: 3.988860 ms (FindLiveObjects: 0.216827 ms CreateObjectMapping: 0.078687 ms MarkObjects: 3.669288 ms  DeleteObjects: 0.022899 ms)

AssetImportParameters requested are different than current active one (requested -> active):
  custom:video-decoder-ogg-theora: a1e56fd34408186e4bbccfd4996cb3dc -> 
  custom:container-muxer-webm: aa71ff27fc2769a1b78a27578f13a17b -> 
  custom:container-demuxer-webm: 4f35f7cbe854078d1ac9338744f61a02 -> 
  custom:container-demuxer-ogg: 62fdf1f143b41e24485cea50d1cbac27 -> 
  custom:video-encoder-webm-vp8: eb34c28f22e8b96e1ab97ce403110664 -> 
  custom:framework-osx-AVFoundation: b23960f63f64bdc6ff669e2cdcee2391 -> 
  custom:video-decoder-webm-vp8: 9c59270c3fd7afecdb556c50c9e8de78 -> 
  custom:graphics/normal-map-encoding: 01000000000000000000000000000000 -> 02000000000000000000000000000000
  custom:audio-decoder-ogg-vorbis: bf7c407c2cedff20999df2af8eb42d56 -> 
  custom:audio-encoder-webm-vorbis: bf7c407c2cedff20999df2af8eb42d56 -> 
