Using pre-set license

 COMMAND LINE ARGUMENTS:
/Volumes/HDD/unity/2020.3.16f1/Unity.app/Contents/MacOS/Unity
-adb2
-batchMode
-noUpm
-name
AssetImportWorker0
-projectPath
/Volumes/HDD/unity/oil producer
-logFile
Logs/AssetImportWorker0.log
-srvPort
56138
Successfully changed project path to: /Volumes/HDD/unity/oil producer
/Volumes/HDD/unity/oil producer
Using Asset Import Pipeline V2.
Refreshing native plugins compatible for Editor in 70.69 ms, found 2 plugins.
Preloading 0 native plugins for Editor in 0.00 ms.
Initialize engine version: 2020.3.16f1 (049d6eca3c44)
[Subsystems] Discovering subsystems at path /Volumes/HDD/unity/2020.3.16f1/Unity.app/Contents/Resources/UnitySubsystems
[Subsystems] Discovering subsystems at path /Volumes/HDD/unity/oil producer/Assets
GfxDevice: creating device client; threaded=0
2021-10-13 16:38:49.560 Unity[14024:648135] Color LCD preferred device: NVIDIA GeForce GT 650M (high power)
2021-10-13 16:38:49.560 Unity[14024:648135] Metal devices available: 2
2021-10-13 16:38:49.560 Unity[14024:648135] 0: NVIDIA GeForce GT 650M (high power)
2021-10-13 16:38:49.560 Unity[14024:648135] 1: Intel HD Graphics 4000 (low power)
2021-10-13 16:38:49.561 Unity[14024:648135] Using device NVIDIA GeForce GT 650M (high power)
Initializing Metal device caps: NVIDIA GeForce GT 650M
Initialize mono
Mono path[0] = '/Volumes/HDD/unity/2020.3.16f1/Unity.app/Contents/Managed'
Mono path[1] = '/Volumes/HDD/unity/2020.3.16f1/Unity.app/Contents/MonoBleedingEdge/lib/mono/unityjit'
Mono config path = '/Volumes/HDD/unity/2020.3.16f1/Unity.app/Contents/MonoBleedingEdge/etc'
Using monoOptions --debugger-agent=transport=dt_socket,embedding=1,server=y,suspend=n,address=127.0.0.1:56024
Begin MonoManager ReloadAssembly
Registering precompiled unity dll's ...
Register platform support module: /Volumes/HDD/unity/2020.3.16f1/Unity.app/Contents/PlaybackEngines/MacStandaloneSupport/UnityEditor.OSXStandalone.Extensions.dll
Registered in 0.000835 seconds.
Native extension for OSXStandalone target not found
Refreshing native plugins compatible for Editor in 62.19 ms, found 2 plugins.
Preloading 0 native plugins for Editor in 0.00 ms.
Mono: successfully reloaded assembly
- Completed reload, in 11.445 seconds
Domain Reload Profiling:
	ReloadAssembly (11445ms)
		BeginReloadAssembly (74ms)
			ExecutionOrderSort (0ms)
			DisableScriptedObjects (0ms)
			BackupInstance (0ms)
			ReleaseScriptingObjects (0ms)
			CreateAndSetChildDomain (2ms)
		EndReloadAssembly (802ms)
			LoadAssemblies (72ms)
			RebuildTransferFunctionScriptingTraits (0ms)
			SetupTypeCache (304ms)
			ReleaseScriptCaches (0ms)
			RebuildScriptCaches (63ms)
			SetupLoadedEditorAssemblies (310ms)
				LogAssemblyErrors (0ms)
				InitializePlatformSupportModulesInManaged (6ms)
				SetLoadedEditorAssemblies (1ms)
				RefreshPlugins (62ms)
				BeforeProcessingInitializeOnLoad (41ms)
				ProcessInitializeOnLoadAttributes (153ms)
				ProcessInitializeOnLoadMethodAttributes (47ms)
				AfterProcessingInitializeOnLoad (0ms)
				EditorAssembliesLoaded (0ms)
			ExecutionOrderSort2 (0ms)
			AwakeInstancesAfterBackupRestoration (0ms)
Platform modules already initialized, skipping
Registering precompiled user dll's ...
Registered in 0.002576 seconds.
Begin MonoManager ReloadAssembly
Native extension for OSXStandalone target not found
Refreshing native plugins compatible for Editor in 63.34 ms, found 2 plugins.
Preloading 0 native plugins for Editor in 0.00 ms.
Mono: successfully reloaded assembly
- Completed reload, in  2.105 seconds
Domain Reload Profiling:
	ReloadAssembly (2106ms)
		BeginReloadAssembly (263ms)
			ExecutionOrderSort (0ms)
			DisableScriptedObjects (8ms)
			BackupInstance (0ms)
			ReleaseScriptingObjects (0ms)
			CreateAndSetChildDomain (51ms)
		EndReloadAssembly (1706ms)
			LoadAssemblies (121ms)
			RebuildTransferFunctionScriptingTraits (0ms)
			SetupTypeCache (558ms)
			ReleaseScriptCaches (1ms)
			RebuildScriptCaches (94ms)
			SetupLoadedEditorAssemblies (722ms)
				LogAssemblyErrors (0ms)
				InitializePlatformSupportModulesInManaged (6ms)
				SetLoadedEditorAssemblies (0ms)
				RefreshPlugins (63ms)
				BeforeProcessingInitializeOnLoad (114ms)
				ProcessInitializeOnLoadAttributes (528ms)
				ProcessInitializeOnLoadMethodAttributes (7ms)
				AfterProcessingInitializeOnLoad (3ms)
				EditorAssembliesLoaded (0ms)
			ExecutionOrderSort2 (0ms)
			AwakeInstancesAfterBackupRestoration (11ms)
Platform modules already initialized, skipping
========================================================================
Worker process is ready to serve import requests
Launching external process: /Volumes/HDD/unity/2020.3.16f1/Unity.app/Contents/Tools/UnityShaderCompiler
Launched and connected shader compiler UnityShaderCompiler after 0.02 seconds
Refreshing native plugins compatible for Editor in 0.65 ms, found 2 plugins.
Preloading 0 native plugins for Editor in 0.00 ms.
Unloading 1918 Unused Serialized files (Serialized files now loaded: 0)
System memory in use before: 167.0 MB.
System memory in use after: 167.1 MB.

Unloading 33 unused Assets to reduce memory usage. Loaded Objects now: 2340.
Total: 5.270343 ms (FindLiveObjects: 0.340828 ms CreateObjectMapping: 0.187779 ms MarkObjects: 4.643512 ms  DeleteObjects: 0.096252 ms)

AssetImportParameters requested are different than current active one (requested -> active):
  custom:video-decoder-ogg-theora: a1e56fd34408186e4bbccfd4996cb3dc -> 
  custom:container-muxer-webm: aa71ff27fc2769a1b78a27578f13a17b -> 
  custom:container-demuxer-webm: 4f35f7cbe854078d1ac9338744f61a02 -> 
  custom:container-demuxer-ogg: 62fdf1f143b41e24485cea50d1cbac27 -> 
  custom:video-encoder-webm-vp8: eb34c28f22e8b96e1ab97ce403110664 -> 
  custom:framework-osx-AVFoundation: b23960f63f64bdc6ff669e2cdcee2391 -> 
  custom:video-decoder-webm-vp8: 9c59270c3fd7afecdb556c50c9e8de78 -> 
  custom:audio-decoder-ogg-vorbis: bf7c407c2cedff20999df2af8eb42d56 -> 
  custom:audio-encoder-webm-vorbis: bf7c407c2cedff20999df2af8eb42d56 -> 
========================================================================
Received Import Request.
  path: Assets/main/shadow.asset
  artifactKey: Guid(54db177d46a1645a4998de066c25b252) Importer(815301076,1909f56bfc062723c751e8b465ee728b)
Start importing Assets/main/shadow.asset using Guid(54db177d46a1645a4998de066c25b252) Importer(815301076,1909f56bfc062723c751e8b465ee728b)  -> (artifact id: '59ea3a98d0c2f63b1ee7907fc08cc152') in 0.576311 seconds 
  Import took 0.580663 seconds .

========================================================================
Received Import Request.
  Time since last request: 4784.168569 seconds.
  path: Assets/main/canvas
  artifactKey: Guid(948fc891c5de347f9b98a2bd6fdcb852) Importer(815301076,1909f56bfc062723c751e8b465ee728b)
Start importing Assets/main/canvas using Guid(948fc891c5de347f9b98a2bd6fdcb852) Importer(815301076,1909f56bfc062723c751e8b465ee728b)  -> (artifact id: 'e7c447e651fb0bd45780c09aba0632b2') in 0.105902 seconds 
  Import took 0.228860 seconds .

========================================================================
Received Import Request.
  Time since last request: 0.000421 seconds.
  path: Assets/main/canvas/Canvas.prefab
  artifactKey: Guid(410e396c53c214845911c3c38676b1d7) Importer(815301076,1909f56bfc062723c751e8b465ee728b)
Start importing Assets/main/canvas/Canvas.prefab using Guid(410e396c53c214845911c3c38676b1d7) Importer(815301076,1909f56bfc062723c751e8b465ee728b)  -> (artifact id: '4c791bd48b79f75747124d8029346fc4') in 0.591961 seconds 
  Import took 0.602249 seconds .

========================================================================
Received Import Request.
  Time since last request: 12.902396 seconds.
  path: Assets/main/canvas/SceneLoader.cs
  artifactKey: Guid(3ef7ec43369b4425089d0a2ca5b54b06) Importer(815301076,1909f56bfc062723c751e8b465ee728b)
Start importing Assets/main/canvas/SceneLoader.cs using Guid(3ef7ec43369b4425089d0a2ca5b54b06) Importer(815301076,1909f56bfc062723c751e8b465ee728b)  -> (artifact id: 'c6ddc8a3666ed9976284bdcabbea00ca') in 0.512550 seconds 
  Import took 0.576027 seconds .

========================================================================
Received Prepare
Registering precompiled user dll's ...
Registered in 0.152601 seconds.
Begin MonoManager ReloadAssembly
Native extension for OSXStandalone target not found
Refreshing native plugins compatible for Editor in 0.71 ms, found 2 plugins.
Preloading 0 native plugins for Editor in 0.00 ms.
Mono: successfully reloaded assembly
- Completed reload, in  2.495 seconds
Domain Reload Profiling:
	ReloadAssembly (2507ms)
		BeginReloadAssembly (235ms)
			ExecutionOrderSort (0ms)
			DisableScriptedObjects (8ms)
			BackupInstance (0ms)
			ReleaseScriptingObjects (0ms)
			CreateAndSetChildDomain (115ms)
		EndReloadAssembly (2164ms)
			LoadAssemblies (426ms)
			RebuildTransferFunctionScriptingTraits (0ms)
			SetupTypeCache (537ms)
			ReleaseScriptCaches (1ms)
			RebuildScriptCaches (76ms)
			SetupLoadedEditorAssemblies (672ms)
				LogAssemblyErrors (0ms)
				InitializePlatformSupportModulesInManaged (7ms)
				SetLoadedEditorAssemblies (1ms)
				RefreshPlugins (1ms)
				BeforeProcessingInitializeOnLoad (108ms)
				ProcessInitializeOnLoadAttributes (547ms)
				ProcessInitializeOnLoadMethodAttributes (7ms)
				AfterProcessingInitializeOnLoad (2ms)
				EditorAssembliesLoaded (0ms)
			ExecutionOrderSort2 (0ms)
			AwakeInstancesAfterBackupRestoration (15ms)
Platform modules already initialized, skipping
Switching build target platform(2) subTarget(0) extendedPlatform(0) -> platform(13) subTarget(537395200) extendedPlatform(0)
Refreshing native plugins compatible for Editor in 0.66 ms, found 2 plugins.
Preloading 0 native plugins for Editor in 0.00 ms.
Unloading 1889 Unused Serialized files (Serialized files now loaded: 0)
System memory in use before: 174.8 MB.
System memory in use after: 174.9 MB.

Unloading 26 unused Assets to reduce memory usage. Loaded Objects now: 2343.
Total: 3.994462 ms (FindLiveObjects: 0.261041 ms CreateObjectMapping: 0.078085 ms MarkObjects: 3.632279 ms  DeleteObjects: 0.021637 ms)

AssetImportParameters requested are different than current active one (requested -> active):
  custom:video-decoder-ogg-theora: a1e56fd34408186e4bbccfd4996cb3dc -> 
  custom:container-muxer-webm: aa71ff27fc2769a1b78a27578f13a17b -> 
  custom:container-demuxer-webm: 4f35f7cbe854078d1ac9338744f61a02 -> 
  custom:container-demuxer-ogg: 62fdf1f143b41e24485cea50d1cbac27 -> 
  custom:video-encoder-webm-vp8: eb34c28f22e8b96e1ab97ce403110664 -> 
  custom:framework-osx-AVFoundation: b23960f63f64bdc6ff669e2cdcee2391 -> 
  custom:video-decoder-webm-vp8: 9c59270c3fd7afecdb556c50c9e8de78 -> 
  custom:graphics/normal-map-encoding: 01000000000000000000000000000000 -> 02000000000000000000000000000000
  custom:audio-decoder-ogg-vorbis: bf7c407c2cedff20999df2af8eb42d56 -> 
  custom:audio-encoder-webm-vorbis: bf7c407c2cedff20999df2af8eb42d56 -> 
========================================================================
Received Import Request.
  Time since last request: 29.422364 seconds.
  path: Assets/main/Scenes
  artifactKey: Guid(39e619de5dbbb4ffe9c2d5f77f3359ca) Importer(815301076,1909f56bfc062723c751e8b465ee728b)
Start importing Assets/main/Scenes using Guid(39e619de5dbbb4ffe9c2d5f77f3359ca) Importer(815301076,1909f56bfc062723c751e8b465ee728b)  -> (artifact id: '69886220bcade72be9ae0f9f8ee14a01') in 0.021205 seconds 
  Import took 0.066813 seconds .

========================================================================
Received Import Request.
  Time since last request: 2.349091 seconds.
  path: Assets/main/Scenes/MainLoader.unity
  artifactKey: Guid(e26d9bb48488b417fa5199ee1169b15c) Importer(815301076,1909f56bfc062723c751e8b465ee728b)
Start importing Assets/main/Scenes/MainLoader.unity using Guid(e26d9bb48488b417fa5199ee1169b15c) Importer(815301076,1909f56bfc062723c751e8b465ee728b)  -> (artifact id: '70c1ce3d924a5f033d983da61fd38836') in 0.027752 seconds 
  Import took 0.052260 seconds .

========================================================================
Received Import Request.
  Time since last request: 65.759159 seconds.
  path: Assets/main/canvas/VUb69gMoXvc.jpeg
  artifactKey: Guid(8a5e92cb2bf7a4c2a81d286c43813445) Importer(815301076,1909f56bfc062723c751e8b465ee728b)
Start importing Assets/main/canvas/VUb69gMoXvc.jpeg using Guid(8a5e92cb2bf7a4c2a81d286c43813445) Importer(815301076,1909f56bfc062723c751e8b465ee728b)  -> (artifact id: '2197f5d0845fc5c41a1fa31d0db8ba00') in 0.948792 seconds 
  Import took 0.980712 seconds .

========================================================================
Received Import Request.
  Time since last request: 7.353626 seconds.
  path: Assets/main/canvas/backgroundLoader.jpeg
  artifactKey: Guid(8a5e92cb2bf7a4c2a81d286c43813445) Importer(815301076,1909f56bfc062723c751e8b465ee728b)
Start importing Assets/main/canvas/backgroundLoader.jpeg using Guid(8a5e92cb2bf7a4c2a81d286c43813445) Importer(815301076,1909f56bfc062723c751e8b465ee728b)  -> (artifact id: '33861395ab959373f37e71cb5e92f3c2') in 0.025259 seconds 
  Import took 0.032035 seconds .

========================================================================
Received Import Request.
  Time since last request: 10.626900 seconds.
  path: Assets/main/canvas/backgroundLoader.jpeg
  artifactKey: Guid(8a5e92cb2bf7a4c2a81d286c43813445) Importer(815301076,1909f56bfc062723c751e8b465ee728b)
Start importing Assets/main/canvas/backgroundLoader.jpeg using Guid(8a5e92cb2bf7a4c2a81d286c43813445) Importer(815301076,1909f56bfc062723c751e8b465ee728b)  -> (artifact id: 'b578b06c1756cbefdf5aa39295837f4c') in 0.220284 seconds 
  Import took 0.252022 seconds .

========================================================================
Received Import Request.
  Time since last request: 733.620237 seconds.
  path: Assets/main/canvas/SceneLoader.cs
  artifactKey: Guid(3ef7ec43369b4425089d0a2ca5b54b06) Importer(815301076,1909f56bfc062723c751e8b465ee728b)
Start importing Assets/main/canvas/SceneLoader.cs using Guid(3ef7ec43369b4425089d0a2ca5b54b06) Importer(815301076,1909f56bfc062723c751e8b465ee728b)  -> (artifact id: '2dfa9a3e82d422f584decae01cfe98b4') in 0.021540 seconds 
  Import took 0.073039 seconds .

========================================================================
Received Prepare
Registering precompiled user dll's ...
Registered in 0.158650 seconds.
Begin MonoManager ReloadAssembly
Native extension for OSXStandalone target not found
Refreshing native plugins compatible for Editor in 0.70 ms, found 2 plugins.
Preloading 0 native plugins for Editor in 0.00 ms.
Mono: successfully reloaded assembly
- Completed reload, in  2.135 seconds
Domain Reload Profiling:
	ReloadAssembly (2138ms)
		BeginReloadAssembly (278ms)
			ExecutionOrderSort (0ms)
			DisableScriptedObjects (15ms)
			BackupInstance (0ms)
			ReleaseScriptingObjects (0ms)
			CreateAndSetChildDomain (161ms)
		EndReloadAssembly (1746ms)
			LoadAssemblies (132ms)
			RebuildTransferFunctionScriptingTraits (0ms)
			SetupTypeCache (580ms)
			ReleaseScriptCaches (1ms)
			RebuildScriptCaches (76ms)
			SetupLoadedEditorAssemblies (641ms)
				LogAssemblyErrors (0ms)
				InitializePlatformSupportModulesInManaged (6ms)
				SetLoadedEditorAssemblies (1ms)
				RefreshPlugins (1ms)
				BeforeProcessingInitializeOnLoad (110ms)
				ProcessInitializeOnLoadAttributes (515ms)
				ProcessInitializeOnLoadMethodAttributes (6ms)
				AfterProcessingInitializeOnLoad (2ms)
				EditorAssembliesLoaded (0ms)
			ExecutionOrderSort2 (0ms)
			AwakeInstancesAfterBackupRestoration (11ms)
Platform modules already initialized, skipping
Switching build target platform(2) subTarget(0) extendedPlatform(0) -> platform(13) subTarget(537395200) extendedPlatform(0)
Refreshing native plugins compatible for Editor in 0.67 ms, found 2 plugins.
Preloading 0 native plugins for Editor in 0.00 ms.
Unloading 1889 Unused Serialized files (Serialized files now loaded: 0)
System memory in use before: 182.6 MB.
System memory in use after: 182.8 MB.

Unloading 26 unused Assets to reduce memory usage. Loaded Objects now: 2352.
Total: 4.259075 ms (FindLiveObjects: 0.292450 ms CreateObjectMapping: 0.078860 ms MarkObjects: 3.836525 ms  DeleteObjects: 0.049878 ms)

AssetImportParameters requested are different than current active one (requested -> active):
  custom:video-decoder-ogg-theora: a1e56fd34408186e4bbccfd4996cb3dc -> 
  custom:container-muxer-webm: aa71ff27fc2769a1b78a27578f13a17b -> 
  custom:container-demuxer-webm: 4f35f7cbe854078d1ac9338744f61a02 -> 
  custom:container-demuxer-ogg: 62fdf1f143b41e24485cea50d1cbac27 -> 
  custom:video-encoder-webm-vp8: eb34c28f22e8b96e1ab97ce403110664 -> 
  custom:framework-osx-AVFoundation: b23960f63f64bdc6ff669e2cdcee2391 -> 
  custom:video-decoder-webm-vp8: 9c59270c3fd7afecdb556c50c9e8de78 -> 
  custom:graphics/normal-map-encoding: 01000000000000000000000000000000 -> 02000000000000000000000000000000
  custom:audio-decoder-ogg-vorbis: bf7c407c2cedff20999df2af8eb42d56 -> 
  custom:audio-encoder-webm-vorbis: bf7c407c2cedff20999df2af8eb42d56 -> 
========================================================================
Received Prepare
Registering precompiled user dll's ...
Registered in 0.053502 seconds.
Begin MonoManager ReloadAssembly
Native extension for OSXStandalone target not found
Refreshing native plugins compatible for Editor in 0.64 ms, found 2 plugins.
Preloading 0 native plugins for Editor in 0.00 ms.
Mono: successfully reloaded assembly
- Completed reload, in  2.315 seconds
Domain Reload Profiling:
	ReloadAssembly (2333ms)
		BeginReloadAssembly (211ms)
			ExecutionOrderSort (0ms)
			DisableScriptedObjects (8ms)
			BackupInstance (0ms)
			ReleaseScriptingObjects (0ms)
			CreateAndSetChildDomain (87ms)
		EndReloadAssembly (2017ms)
			LoadAssemblies (447ms)
			RebuildTransferFunctionScriptingTraits (0ms)
			SetupTypeCache (532ms)
			ReleaseScriptCaches (1ms)
			RebuildScriptCaches (74ms)
			SetupLoadedEditorAssemblies (629ms)
				LogAssemblyErrors (0ms)
				InitializePlatformSupportModulesInManaged (5ms)
				SetLoadedEditorAssemblies (1ms)
				RefreshPlugins (1ms)
				BeforeProcessingInitializeOnLoad (102ms)
				ProcessInitializeOnLoadAttributes (512ms)
				ProcessInitializeOnLoadMethodAttributes (6ms)
				AfterProcessingInitializeOnLoad (2ms)
				EditorAssembliesLoaded (0ms)
			ExecutionOrderSort2 (0ms)
			AwakeInstancesAfterBackupRestoration (13ms)
Platform modules already initialized, skipping
Switching build target platform(2) subTarget(0) extendedPlatform(0) -> platform(13) subTarget(537395200) extendedPlatform(0)
Refreshing native plugins compatible for Editor in 0.66 ms, found 2 plugins.
Preloading 0 native plugins for Editor in 0.00 ms.
Unloading 1889 Unused Serialized files (Serialized files now loaded: 0)
System memory in use before: 182.9 MB.
System memory in use after: 183.0 MB.

Unloading 26 unused Assets to reduce memory usage. Loaded Objects now: 2354.
Total: 4.303879 ms (FindLiveObjects: 0.255497 ms CreateObjectMapping: 0.101657 ms MarkObjects: 3.906203 ms  DeleteObjects: 0.038956 ms)

AssetImportParameters requested are different than current active one (requested -> active):
  custom:video-decoder-ogg-theora: a1e56fd34408186e4bbccfd4996cb3dc -> 
  custom:container-muxer-webm: aa71ff27fc2769a1b78a27578f13a17b -> 
  custom:container-demuxer-webm: 4f35f7cbe854078d1ac9338744f61a02 -> 
  custom:container-demuxer-ogg: 62fdf1f143b41e24485cea50d1cbac27 -> 
  custom:video-encoder-webm-vp8: eb34c28f22e8b96e1ab97ce403110664 -> 
  custom:framework-osx-AVFoundation: b23960f63f64bdc6ff669e2cdcee2391 -> 
  custom:video-decoder-webm-vp8: 9c59270c3fd7afecdb556c50c9e8de78 -> 
  custom:graphics/normal-map-encoding: 01000000000000000000000000000000 -> 02000000000000000000000000000000
  custom:audio-decoder-ogg-vorbis: bf7c407c2cedff20999df2af8eb42d56 -> 
  custom:audio-encoder-webm-vorbis: bf7c407c2cedff20999df2af8eb42d56 -> 
========================================================================
Received Import Request.
  Time since last request: 54.391865 seconds.
  path: Assets/main/canvas/SceneLoader.cs
  artifactKey: Guid(3ef7ec43369b4425089d0a2ca5b54b06) Importer(815301076,1909f56bfc062723c751e8b465ee728b)
Start importing Assets/main/canvas/SceneLoader.cs using Guid(3ef7ec43369b4425089d0a2ca5b54b06) Importer(815301076,1909f56bfc062723c751e8b465ee728b)  -> (artifact id: 'a6d69e2224a9b8776ea39e80ee5f948c') in 0.029479 seconds 
  Import took 0.090684 seconds .

========================================================================
Received Prepare
Registering precompiled user dll's ...
Registered in 0.076367 seconds.
Begin MonoManager ReloadAssembly
Native extension for OSXStandalone target not found
Refreshing native plugins compatible for Editor in 0.71 ms, found 2 plugins.
Preloading 0 native plugins for Editor in 0.00 ms.
Mono: successfully reloaded assembly
- Completed reload, in  2.533 seconds
Domain Reload Profiling:
	ReloadAssembly (2535ms)
		BeginReloadAssembly (240ms)
			ExecutionOrderSort (0ms)
			DisableScriptedObjects (7ms)
			BackupInstance (0ms)
			ReleaseScriptingObjects (0ms)
			CreateAndSetChildDomain (93ms)
		EndReloadAssembly (2190ms)
			LoadAssemblies (437ms)
			RebuildTransferFunctionScriptingTraits (0ms)
			SetupTypeCache (501ms)
			ReleaseScriptCaches (1ms)
			RebuildScriptCaches (80ms)
			SetupLoadedEditorAssemblies (681ms)
				LogAssemblyErrors (0ms)
				InitializePlatformSupportModulesInManaged (8ms)
				SetLoadedEditorAssemblies (1ms)
				RefreshPlugins (1ms)
				BeforeProcessingInitializeOnLoad (104ms)
				ProcessInitializeOnLoadAttributes (557ms)
				ProcessInitializeOnLoadMethodAttributes (8ms)
				AfterProcessingInitializeOnLoad (3ms)
				EditorAssembliesLoaded (0ms)
			ExecutionOrderSort2 (0ms)
			AwakeInstancesAfterBackupRestoration (11ms)
Platform modules already initialized, skipping
Switching build target platform(2) subTarget(0) extendedPlatform(0) -> platform(13) subTarget(537395200) extendedPlatform(0)
Refreshing native plugins compatible for Editor in 0.65 ms, found 2 plugins.
Preloading 0 native plugins for Editor in 0.00 ms.
Unloading 1889 Unused Serialized files (Serialized files now loaded: 0)
System memory in use before: 183.1 MB.
System memory in use after: 183.2 MB.

Unloading 26 unused Assets to reduce memory usage. Loaded Objects now: 2356.
Total: 4.066069 ms (FindLiveObjects: 0.247345 ms CreateObjectMapping: 0.082892 ms MarkObjects: 3.701318 ms  DeleteObjects: 0.033131 ms)

AssetImportParameters requested are different than current active one (requested -> active):
  custom:video-decoder-ogg-theora: a1e56fd34408186e4bbccfd4996cb3dc -> 
  custom:container-muxer-webm: aa71ff27fc2769a1b78a27578f13a17b -> 
  custom:container-demuxer-webm: 4f35f7cbe854078d1ac9338744f61a02 -> 
  custom:container-demuxer-ogg: 62fdf1f143b41e24485cea50d1cbac27 -> 
  custom:video-encoder-webm-vp8: eb34c28f22e8b96e1ab97ce403110664 -> 
  custom:framework-osx-AVFoundation: b23960f63f64bdc6ff669e2cdcee2391 -> 
  custom:video-decoder-webm-vp8: 9c59270c3fd7afecdb556c50c9e8de78 -> 
  custom:graphics/normal-map-encoding: 01000000000000000000000000000000 -> 02000000000000000000000000000000
  custom:audio-decoder-ogg-vorbis: bf7c407c2cedff20999df2af8eb42d56 -> 
  custom:audio-encoder-webm-vorbis: bf7c407c2cedff20999df2af8eb42d56 -> 
AssetImportWorkerClient::OnTransportError - code=2 error=End of file
